#
# There is insufficient memory for the Java Runtime Environment to continue.
# Native memory allocation (mmap) failed to map 266338304 bytes for Failed to commit area from 0x0000000702c00000 to 0x0000000712a00000 of length 266338304.
# Possible reasons:
#   The system is out of physical RAM or swap space
#   The process is running with CompressedOops enabled, and the Java Heap may be blocking the growth of the native heap
# Possible solutions:
#   Reduce memory load on the system
#   Increase physical memory or swap space
#   Check if swap backing store is full
#   Decrease Java heap size (-Xmx/-Xms)
#   Decrease number of Java threads
#   Decrease Java thread stack sizes (-Xss)
#   Set larger code cache with -XX:ReservedCodeCacheSize=
# This output file may be truncated or incomplete.
#
#  Out of Memory Error (./src/hotspot/os/windows/os_windows.cpp:3521), pid=15412, tid=3724
#
# JRE version:  (11.0.12+7) (build )
# Java VM: OpenJDK 64-Bit Server VM (11.0.12+7-b1504.28-7817840, mixed mode, sharing, tiered, compressed oops, g1 gc, windows-amd64)
# No core dump will be written. Minidumps are not enabled by default on client versions of Windows
#

---------------  S U M M A R Y ------------

Command Line: org.jetbrains.kotlin.cli.jvm.K2JVMCompiler @D:\Code Projects\Android Projects\Yugioh-Card-Tracker\app\build\20221104_14487245545500014265.compiler.options

Host: Intel(R) Core(TM) i7-9750H CPU @ 2.60GHz, 12 cores, 15G,  Windows 10 , 64 bit Build 22621 (10.0.22621.608)
Time: Fri Nov  4 14:57:19 2022 Eastern Daylight Time elapsed time: 0.011696 seconds (0d 0h 0m 0s)

---------------  T H R E A D  ---------------

Current thread (0x0000015d9dfb8800):  JavaThread "Unknown thread" [_thread_in_vm, id=3724, stack(0x000000449e200000,0x000000449e300000)]

Stack: [0x000000449e200000,0x000000449e300000]
Native frames: (J=compiled Java code, j=interpreted, Vv=VM code, C=native code)
V  [jvm.dll+0x5fbcea]
V  [jvm.dll+0x731905]
V  [jvm.dll+0x732f1d]
V  [jvm.dll+0x7335d3]
V  [jvm.dll+0x247bf8]
V  [jvm.dll+0x5f90b4]
V  [jvm.dll+0x5edc85]
V  [jvm.dll+0x305aeb]
V  [jvm.dll+0x305a5a]
V  [jvm.dll+0x305932]
V  [jvm.dll+0x30a896]
V  [jvm.dll+0x353803]
V  [jvm.dll+0x353f06]
V  [jvm.dll+0x353903]
V  [jvm.dll+0x2e0678]
V  [jvm.dll+0x2e1827]
V  [jvm.dll+0x710037]
V  [jvm.dll+0x71182c]
V  [jvm.dll+0x360da9]
V  [jvm.dll+0x6f390e]
V  [jvm.dll+0x3c9723]
V  [jvm.dll+0x3cb9b1]
C  [jli.dll+0x536b]
C  [ucrtbase.dll+0x29363]
C  [KERNEL32.DLL+0x1244d]
C  [ntdll.dll+0x5df78]


---------------  P R O C E S S  ---------------

Threads class SMR info:
_java_thread_list=0x0000015d9be36500, length=0, elements={
}

Java Threads: ( => current thread )

Other Threads:
  0x0000015d9dfd0000 GCTaskThread "GC Thread#0" [stack: 0x000000449e300000,0x000000449e400000] [id=1620]
  0x0000015d9e02e000 ConcurrentGCThread "G1 Main Marker" [stack: 0x000000449e400000,0x000000449e500000] [id=5740]
  0x0000015d9e030000 ConcurrentGCThread "G1 Conc#0" [stack: 0x000000449e500000,0x000000449e600000] [id=4072]

[error occurred during error reporting (printing all threads), id 0xc0000005, EXCEPTION_ACCESS_VIOLATION (0xc0000005) at pc=0x00007ff859330be7]

VM state:not at safepoint (not fully initialized)

VM Mutex/Monitor currently owned by a thread:  ([mutex/lock_event])
[0x0000015d9dfb6790] Heap_lock - owner thread: 0x0000015d9dfb8800

Heap address: 0x0000000702c00000, size: 4052 MB, Compressed Oops mode: Non-zero based: 0x0000000702c00000
Narrow klass base: 0x0000000000000000, Narrow klass shift: 0

GC Heap History (0 events):
No events

Deoptimization events (0 events):
No events

Classes redefined (0 events):
No events

Internal exceptions (0 events):
No events

Events (1 events):
Event: 0.008 Loaded shared library D:\Code Projects\Android Studio\jre\bin\zip.dll


Dynamic libraries:
0x00007ff70bb20000 - 0x00007ff70bb2a000 	D:\Code Projects\Android Studio\jre\bin\java.exe
0x00007ff8b86f0000 - 0x00007ff8b8904000 	C:\WINDOWS\SYSTEM32\ntdll.dll
0x00007ff8b70d0000 - 0x00007ff8b7192000 	C:\WINDOWS\System32\KERNEL32.DLL
0x00007ff8b6000000 - 0x00007ff8b639c000 	C:\WINDOWS\System32\KERNELBASE.dll
0x00007ff8b63d0000 - 0x00007ff8b64e1000 	C:\WINDOWS\System32\ucrtbase.dll
0x00007ff8af9f0000 - 0x00007ff8afa09000 	D:\Code Projects\Android Studio\jre\bin\jli.dll
0x00007ff8af820000 - 0x00007ff8af837000 	D:\Code Projects\Android Studio\jre\bin\VCRUNTIME140.dll
0x00007ff8b7690000 - 0x00007ff8b783a000 	C:\WINDOWS\System32\USER32.dll
0x00007ff89ca80000 - 0x00007ff89cd0e000 	C:\WINDOWS\WinSxS\amd64_microsoft.windows.common-controls_6595b64144ccf1df_6.0.22621.608_none_a9444ca7c10bb01d\COMCTL32.dll
0x00007ff8b63a0000 - 0x00007ff8b63c6000 	C:\WINDOWS\System32\win32u.dll
0x00007ff8b78a0000 - 0x00007ff8b7947000 	C:\WINDOWS\System32\msvcrt.dll
0x00007ff8b69a0000 - 0x00007ff8b69c9000 	C:\WINDOWS\System32\GDI32.dll
0x00007ff8b5c90000 - 0x00007ff8b5da2000 	C:\WINDOWS\System32\gdi32full.dll
0x00007ff8b5f60000 - 0x00007ff8b5ffa000 	C:\WINDOWS\System32\msvcp_win.dll
0x00007ff8b7840000 - 0x00007ff8b7871000 	C:\WINDOWS\System32\IMM32.DLL
0x00007ff8a6590000 - 0x00007ff8a662d000 	D:\Code Projects\Android Studio\jre\bin\msvcp140.dll
0x00007ff859040000 - 0x00007ff859b25000 	D:\Code Projects\Android Studio\jre\bin\server\jvm.dll
0x00007ff8b8350000 - 0x00007ff8b83fe000 	C:\WINDOWS\System32\ADVAPI32.dll
0x00007ff8b7ac0000 - 0x00007ff8b7b64000 	C:\WINDOWS\System32\sechost.dll
0x00007ff8b6c80000 - 0x00007ff8b6d95000 	C:\WINDOWS\System32\RPCRT4.dll
0x00007ff8b7950000 - 0x00007ff8b7958000 	C:\WINDOWS\System32\PSAPI.DLL
0x00007ff8a2620000 - 0x00007ff8a2629000 	C:\WINDOWS\SYSTEM32\WSOCK32.dll
0x00007ff8a7200000 - 0x00007ff8a7234000 	C:\WINDOWS\SYSTEM32\WINMM.dll
0x00007ff8ac7d0000 - 0x00007ff8ac7da000 	C:\WINDOWS\SYSTEM32\VERSION.dll
0x00007ff8b6fd0000 - 0x00007ff8b7041000 	C:\WINDOWS\System32\WS2_32.dll
0x00007ff8b4c50000 - 0x00007ff8b4c68000 	C:\WINDOWS\SYSTEM32\kernel.appcore.dll
0x00007ff8b31b0000 - 0x00007ff8b31c1000 	D:\Code Projects\Android Studio\jre\bin\verify.dll
0x00007ff8b2ed0000 - 0x00007ff8b30fe000 	C:\WINDOWS\SYSTEM32\DBGHELP.DLL
0x00007ff8b64f0000 - 0x00007ff8b6879000 	C:\WINDOWS\System32\combase.dll
0x00007ff8b7960000 - 0x00007ff8b7a37000 	C:\WINDOWS\System32\OLEAUT32.dll
0x00007ff8a9490000 - 0x00007ff8a94c2000 	C:\WINDOWS\SYSTEM32\dbgcore.DLL
0x00007ff8b5ee0000 - 0x00007ff8b5f5b000 	C:\WINDOWS\System32\bcryptPrimitives.dll
0x00007ff8b3180000 - 0x00007ff8b31a9000 	D:\Code Projects\Android Studio\jre\bin\java.dll
0x00007ff8b32c0000 - 0x00007ff8b32cb000 	D:\Code Projects\Android Studio\jre\bin\jimage.dll
0x00007ff8b3110000 - 0x00007ff8b3128000 	D:\Code Projects\Android Studio\jre\bin\zip.dll

dbghelp: loaded successfully - version: 4.0.5 - missing functions: none
symbol engine: initialized successfully - sym options: 0x614 - pdb path: .;D:\Code Projects\Android Studio\jre\bin;C:\WINDOWS\SYSTEM32;C:\WINDOWS\WinSxS\amd64_microsoft.windows.common-controls_6595b64144ccf1df_6.0.22621.608_none_a9444ca7c10bb01d;D:\Code Projects\Android Studio\jre\bin\server

VM Arguments:
java_command: org.jetbrains.kotlin.cli.jvm.K2JVMCompiler @D:\Code Projects\Android Projects\Yugioh-Card-Tracker\app\build\20221104_14487245545500014265.compiler.options
java_class_path (initial): C:\Users\singh\.gradle\caches\modules-2\files-2.1\org.jetbrains.kotlin\kotlin-compiler-embeddable\1.7.20\8db18559a581dd2c36ddfd5046af145650f5b126\kotlin-compiler-embeddable-1.7.20.jar;C:\Users\singh\.gradle\caches\modules-2\files-2.1\org.jetbrains.kotlin\kotlin-reflect\1.7.20\12b2501e33bb6373e8e347c86d85481863629381\kotlin-reflect-1.7.20.jar;C:\Users\singh\.gradle\caches\modules-2\files-2.1\org.jetbrains.kotlin\kotlin-stdlib\1.7.20\726594ea9ba2beb2ee113647fefa9a10f9fabe52\kotlin-stdlib-1.7.20.jar;C:\Users\singh\.gradle\caches\modules-2\files-2.1\org.jetbrains.kotlin\kotlin-script-runtime\1.7.20\bcd1cc6f865e632550357fcc59f5ffd532615a8\kotlin-script-runtime-1.7.20.jar;C:\Users\singh\.gradle\caches\modules-2\files-2.1\org.jetbrains.kotlin\kotlin-daemon-embeddable\1.7.20\1e24355adad8d529d75d5b19eab55484057431ba\kotlin-daemon-embeddable-1.7.20.jar;C:\Users\singh\.gradle\caches\modules-2\files-2.1\org.jetbrains.intellij.deps\trove4j\1.0.20200330\3afb14d5f9ceb459d724e907a21145e8ff394f02\trove4j-1.0.20200330.jar;C:\Users\singh\.gradle\caches\modules-2\files-2.1\net.java.dev.jna\jna\5.6.0\330f2244e9030119ab3030fc3fededc86713d9cc\jna-5.6.0.jar;C:\Users\singh\.gradle\caches\modules-2\files-2.1\org.jetbrains.kotlin\kotlin-stdlib-common\1.7.20\e15351bdaf9fa06f009be5da7a202e4184f00ae3\kotlin-stdlib-common-1.7.20.jar;C:\Users\singh\.gradle\caches\modules-2\files-2.1\org.jetbrains\annotations\13.0\919f0dfe192fb4e063e7dacadee7f8bb9a2672a9\annotations-13.0.jar
Launcher Type: SUN_STANDARD

[Global flags]
     intx CICompilerCount                          = 4                                         {product} {ergonomic}
     uint ConcGCThreads                            = 3                                         {product} {ergonomic}
     uint G1ConcRefinementThreads                  = 10                                        {product} {ergonomic}
   size_t G1HeapRegionSize                         = 1048576                                   {product} {ergonomic}
    uintx GCDrainStackTargetSize                   = 64                                        {product} {ergonomic}
   size_t InitialHeapSize                          = 266338304                                 {product} {ergonomic}
   size_t MarkStackSize                            = 4194304                                   {product} {ergonomic}
   size_t MaxHeapSize                              = 4248829952                                {product} {ergonomic}
   size_t MinHeapDeltaBytes                        = 1048576                                   {product} {ergonomic}
    uintx NonNMethodCodeHeapSize                   = 5836300                                {pd product} {ergonomic}
    uintx NonProfiledCodeHeapSize                  = 122910970                              {pd product} {ergonomic}
    uintx ProfiledCodeHeapSize                     = 122910970                              {pd product} {ergonomic}
    uintx ReservedCodeCacheSize                    = 251658240                              {pd product} {ergonomic}
     bool SegmentedCodeCache                       = true                                      {product} {ergonomic}
     bool UseCompressedClassPointers               = true                                 {lp64_product} {ergonomic}
     bool UseCompressedOops                        = true                                 {lp64_product} {ergonomic}
     bool UseG1GC                                  = true                                      {product} {ergonomic}
     bool UseLargePagesIndividualAllocation        = false                                  {pd product} {ergonomic}

Logging:
Log output configuration:
 #0: stdout all=warning uptime,level,tags
 #1: stderr all=off uptime,level,tags

Environment Variables:
JAVA_HOME=C:\Program Files\AdoptOpenJDK\jdk-8.0.275.1-openj9
PATH=C:\Program Files\AdoptOpenJDK\jdk-8.0.275.1-openj9\bin;C:\Program Files (x86)\Common Files\Oracle\Java\javapath;C:\WINDOWS\system32;C:\WINDOWS;C:\WINDOWS\System32\Wbem;C:\WINDOWS\System32\WindowsPowerShell\v1.0\;C:\WINDOWS\System32\OpenSSH\;C:\Program Files\dotnet\;C:\Program Files\NVIDIA Corporation\NVIDIA NvDLISR;C:\Gradle\gradle-6.6.1\bin;C:\Program Files\MATLAB\R2021a\bin;C:\Program Files\Git\cmd;C:\Program Files (x86)\NVIDIA Corporation\PhysX\Common;C:\Program Files\Microsoft SQL Server\150\Tools\Binn\;C:\Program Files\PuTTY\;C:\Program Files\Git LFS;C:\maven\bin;C:\Program Files\Microsoft SQL Server\Client SDK\ODBC\170\Tools\Binn\;C:\Program Files (x86)\Microsoft SQL Server\150\DTS\Binn\;C:\Program Files\Azure Data Studio\bin;D:\Programs\MatLab\bin;;C:\WINDOWS\system32;C:\WINDOWS;C:\WINDOWS\System32\Wbem;C:\WINDOWS\System32\WindowsPowerShell\v1.0\;C:\WINDOWS\System32\OpenSSH\;C:\Users\singh\AppData\Local\Programs\Python\Python38\Scripts\;C:\Users\singh\AppData\Local\Programs\Python\Python38\;C:\Users\singh\AppData\Local\Microsoft\WindowsApps;C:\Users\singh\.dotnet\tools;C:\Users\singh\AppData\Local\Programs\Microsoft VS Code\bin;C:\Program Files\Azure Data Studio\bin;C:\Users\singh\AppData\Local\JetBrains\Toolbox\scripts;%USERPROFILE%\AppData\Local\Microsoft\WindowsApps;
USERNAME=singh
DISPLAY=localhost:0.0
OS=Windows_NT
PROCESSOR_IDENTIFIER=Intel64 Family 6 Model 158 Stepping 10, GenuineIntel



---------------  S Y S T E M  ---------------

OS: Windows 10 , 64 bit Build 22621 (10.0.22621.608)
OS uptime: 4 days 17:07 hours
Hyper-V role detected

CPU:total 12 (initial active 12) (6 cores per cpu, 2 threads per core) family 6 model 158 stepping 10 microcode 0xde, cmov, cx8, fxsr, mmx, sse, sse2, sse3, ssse3, sse4.1, sse4.2, popcnt, avx, avx2, aes, clmul, erms, 3dnowpref, lzcnt, ht, tsc, tscinvbit, bmi1, bmi2, adx, fma

Memory: 4k page, system-wide physical 16205M (568M free)
TotalPageFile size 26205M (AvailPageFile size 173M)
current process WorkingSet (physical memory assigned to process): 11M, peak: 11M
current process commit charge ("private bytes"): 64M, peak: 318M

vm_info: OpenJDK 64-Bit Server VM (11.0.12+7-b1504.28-7817840) for windows-amd64 JRE (11.0.12+7-b1504.28-7817840), built on Oct 13 2021 22:12:33 by "builder" with MS VC++ 14.0 (VS2015)

END.
